<?xml version="1.0" encoding="UTF-8"?>
<!-- Generated by org.testng.reporters.JUnitXMLReporter -->
<testsuite hostname="CPU0100" name="Random Test" tests="5" failures="3" timestamp="10 May 2016 07:50:35 GMT" time="55.446" errors="0">
  <testcase name="Registration_data" time="5.496" classname="testCases.Car_Rental">
    <failure type="org.openqa.selenium.NoSuchElementException" message="Unable to locate element: {&amp;quot;method&amp;quot;:&amp;quot;link text&amp;quot;,&amp;quot;selector&amp;quot;:&amp;quot;Car Rental&amp;quot;}
Command duration or timeout: 3.14 seconds
For documentation on this error, please visit: http://seleniumhq.org/exceptions/no_such_element.html
Build info: version: &amp;apos;2.48.2&amp;apos;, revision: &amp;apos;41bccdd10cf2c0560f637404c2d96164b67d9d67&amp;apos;, time: &amp;apos;2015-10-09 13:08:06&amp;apos;
System info: host: &amp;apos;CPU0100&amp;apos;, ip: &amp;apos;10.101.21.95&amp;apos;, os.name: &amp;apos;Windows 7&amp;apos;, os.arch: &amp;apos;amd64&amp;apos;, os.version: &amp;apos;6.1&amp;apos;, java.version: &amp;apos;1.8.0_77&amp;apos;
Driver info: org.openqa.selenium.firefox.FirefoxDriver
Capabilities [{applicationCacheEnabled=true, rotatable=false, handlesAlerts=true, databaseEnabled=true, version=43.0.1, platform=WINDOWS, nativeEvents=false, acceptSslCerts=true, webStorageEnabled=true, locationContextEnabled=true, browserName=firefox, takesScreenshot=true, javascriptEnabled=true, cssSelectorsEnabled=true}]
Session ID: 4d28a772-8ce8-4d96-934b-91aefab33965
*** Element info: {Using=link text, value=Car Rental}">
      <![CDATA[org.openqa.selenium.NoSuchElementException: Unable to locate element: {"method":"link text","selector":"Car Rental"}
Command duration or timeout: 3.14 seconds
For documentation on this error, please visit: http://seleniumhq.org/exceptions/no_such_element.html
Build info: version: '2.48.2', revision: '41bccdd10cf2c0560f637404c2d96164b67d9d67', time: '2015-10-09 13:08:06'
System info: host: 'CPU0100', ip: '10.101.21.95', os.name: 'Windows 7', os.arch: 'amd64', os.version: '6.1', java.version: '1.8.0_77'
Driver info: org.openqa.selenium.firefox.FirefoxDriver
Capabilities [{applicationCacheEnabled=true, rotatable=false, handlesAlerts=true, databaseEnabled=true, version=43.0.1, platform=WINDOWS, nativeEvents=false, acceptSslCerts=true, webStorageEnabled=true, locationContextEnabled=true, browserName=firefox, takesScreenshot=true, javascriptEnabled=true, cssSelectorsEnabled=true}]
Session ID: 4d28a772-8ce8-4d96-934b-91aefab33965
*** Element info: {Using=link text, value=Car Rental}
	at org.openqa.selenium.remote.ErrorHandler.createThrowable(ErrorHandler.java:206)
	at org.openqa.selenium.remote.ErrorHandler.throwIfResponseFailed(ErrorHandler.java:158)
	at org.openqa.selenium.remote.RemoteWebDriver.execute(RemoteWebDriver.java:647)
	at org.openqa.selenium.remote.RemoteWebDriver.findElement(RemoteWebDriver.java:353)
	at org.openqa.selenium.remote.RemoteWebDriver.findElementByLinkText(RemoteWebDriver.java:418)
	at org.openqa.selenium.By$ByLinkText.findElement(By.java:246)
	at org.openqa.selenium.remote.RemoteWebDriver.findElement(RemoteWebDriver.java:345)
	at testCases.Car_Rental.Registration_data(Car_Rental.java:33)
Caused by: org.openqa.selenium.NoSuchElementException: Unable to locate element: {"method":"link text","selector":"Car Rental"}
For documentation on this error, please visit: http://seleniumhq.org/exceptions/no_such_element.html
Build info: version: '2.48.2', revision: '41bccdd10cf2c0560f637404c2d96164b67d9d67', time: '2015-10-09 13:08:06'
System info: host: 'CPU0100', ip: '10.101.21.95', os.name: 'Windows 7', os.arch: 'amd64', os.version: '6.1', java.version: '1.8.0_77'
Driver info: driver.version: unknown
	at <anonymous class>.FirefoxDriver.prototype.findElementInternal_(file:///C:/Users/THINKS~1/AppData/Local/Temp/anonymous6199334839118095434webdriver-profile/extensions/fxdriver@googlecode.com/components/driver-component.js:10659)
	at <anonymous class>.fxdriver.Timer.prototype.setTimeout/<.notify(file:///C:/Users/THINKS~1/AppData/Local/Temp/anonymous6199334839118095434webdriver-profile/extensions/fxdriver@googlecode.com/components/driver-component.js:621)
... Removed 34 stack frames]]>
    </failure>
  </testcase> <!-- Registration_data -->
  <testcase name="flightdetails" time="6.039" classname="testCases.Flight_Finder"/>
  <testcase name="checkLogin" time="3.988" classname="testCases.LoginClass"/>
  <testcase name="checkSupport" time="0.0" classname="testCases.Support">
    <failure type="utils.FrameworkException">
      <![CDATA[Framework Exception:  Invalid Locator found
	at utils.ObjectMethods.getElement(ObjectMethods.java:63)
	at utils.ObjectMethods.clickElement(ObjectMethods.java:16)
	at testCases.Support.checkSupport(Support.java:24)
... Removed 30 stack frames]]>
    </failure>
  </testcase> <!-- checkSupport -->
  <testcase name="checkVacation" time="0.001" classname="testCases.Vacation">
    <failure type="utils.FrameworkException">
      <![CDATA[Framework Exception:  Invalid Locator found
	at utils.ObjectMethods.getElement(ObjectMethods.java:63)
	at utils.ObjectMethods.clickElement(ObjectMethods.java:16)
	at testCases.Vacation.checkVacation(Vacation.java:24)
... Removed 30 stack frames]]>
    </failure>
  </testcase> <!-- checkVacation -->
</testsuite> <!-- Random Test -->
