<?xml version="1.0" encoding="UTF-8"?>
<testng-results skipped="0" failed="3" total="5" passed="2">
  <reporter-output>
    <line>
      <![CDATA[testCases.Car_Rental | Registration_data | FAILED]]>
    </line>
    <line>
      <![CDATA[testCases.Flight_Finder | flightdetails | PASSED]]>
    </line>
    <line>
      <![CDATA[testCases.LoginClass | checkLogin | PASSED]]>
    </line>
    <line>
      <![CDATA[testCases.Support | checkSupport | FAILED]]>
    </line>
    <line>
      <![CDATA[testCases.Vacation | checkVacation | FAILED]]>
    </line>
  </reporter-output>
  <suite name="Suite" duration-ms="55446" started-at="2016-05-10T07:49:40Z" finished-at="2016-05-10T07:50:35Z">
    <groups>
    </groups>
    <test name="Random Test" duration-ms="55446" started-at="2016-05-10T07:49:40Z" finished-at="2016-05-10T07:50:35Z">
      <class name="testCases.Support">
        <test-method status="PASS" signature="openUrl()[pri:0, instance:testCases.Support@64bf3bbf]" name="openUrl" is-config="true" duration-ms="10543" started-at="2016-05-10T13:20:16Z" finished-at="2016-05-10T13:20:27Z">
          <reporter-output>
          </reporter-output>
        </test-method> <!-- openUrl -->
        <test-method status="FAIL" signature="checkSupport()[pri:0, instance:testCases.Support@64bf3bbf]" name="checkSupport" duration-ms="0" started-at="2016-05-10T13:20:27Z" finished-at="2016-05-10T13:20:27Z">
          <exception class="utils.FrameworkException">
            <full-stacktrace>
              <![CDATA[Framework Exception:  Invalid Locator found
	at utils.ObjectMethods.getElement(ObjectMethods.java:63)
	at utils.ObjectMethods.clickElement(ObjectMethods.java:16)
	at testCases.Support.checkSupport(Support.java:24)
	at sun.reflect.NativeMethodAccessorImpl.invoke0(Native Method)
	at sun.reflect.NativeMethodAccessorImpl.invoke(Unknown Source)
	at sun.reflect.DelegatingMethodAccessorImpl.invoke(Unknown Source)
	at java.lang.reflect.Method.invoke(Unknown Source)
	at org.testng.internal.MethodInvocationHelper.invokeMethod(MethodInvocationHelper.java:85)
	at org.testng.internal.Invoker.invokeMethod(Invoker.java:639)
	at org.testng.internal.Invoker.invokeTestMethod(Invoker.java:816)
	at org.testng.internal.Invoker.invokeTestMethods(Invoker.java:1124)
	at org.testng.internal.TestMethodWorker.invokeTestMethods(TestMethodWorker.java:125)
	at org.testng.internal.TestMethodWorker.run(TestMethodWorker.java:108)
	at org.testng.TestRunner.privateRun(TestRunner.java:774)
	at org.testng.TestRunner.run(TestRunner.java:624)
	at org.testng.SuiteRunner.runTest(SuiteRunner.java:359)
	at org.testng.SuiteRunner.runSequentially(SuiteRunner.java:354)
	at org.testng.SuiteRunner.privateRun(SuiteRunner.java:312)
	at org.testng.SuiteRunner.run(SuiteRunner.java:261)
	at org.testng.SuiteRunnerWorker.runSuite(SuiteRunnerWorker.java:52)
	at org.testng.SuiteRunnerWorker.run(SuiteRunnerWorker.java:86)
	at org.testng.TestNG.runSuitesSequentially(TestNG.java:1191)
	at org.testng.TestNG.runSuitesLocally(TestNG.java:1116)
	at org.testng.TestNG.run(TestNG.java:1024)
	at org.apache.maven.surefire.testng.TestNGExecutor.run(TestNGExecutor.java:74)
	at org.apache.maven.surefire.testng.TestNGXmlTestSuite.execute(TestNGXmlTestSuite.java:92)
	at org.apache.maven.surefire.Surefire.run(Surefire.java:177)
	at sun.reflect.NativeMethodAccessorImpl.invoke0(Native Method)
	at sun.reflect.NativeMethodAccessorImpl.invoke(Unknown Source)
	at sun.reflect.DelegatingMethodAccessorImpl.invoke(Unknown Source)
	at java.lang.reflect.Method.invoke(Unknown Source)
	at org.apache.maven.surefire.booter.SurefireBooter.runSuitesInProcess(SurefireBooter.java:338)
	at org.apache.maven.surefire.booter.SurefireBooter.main(SurefireBooter.java:997)
]]>
            </full-stacktrace>
          </exception> <!-- utils.FrameworkException -->
          <reporter-output>
            <line>
              <![CDATA[testCases.Support | checkSupport | FAILED]]>
            </line>
          </reporter-output>
        </test-method> <!-- checkSupport -->
        <test-method status="PASS" signature="closepage()[pri:0, instance:testCases.Support@64bf3bbf]" name="closepage" is-config="true" duration-ms="400" started-at="2016-05-10T13:20:27Z" finished-at="2016-05-10T13:20:27Z">
          <reporter-output>
          </reporter-output>
        </test-method> <!-- closepage -->
      </class> <!-- testCases.Support -->
      <class name="testCases.Flight_Finder">
        <test-method status="PASS" signature="openUrl()[pri:0, instance:testCases.Flight_Finder@192b07fd]" name="openUrl" is-config="true" duration-ms="5156" started-at="2016-05-10T13:19:55Z" finished-at="2016-05-10T13:20:00Z">
          <reporter-output>
          </reporter-output>
        </test-method> <!-- openUrl -->
        <test-method status="PASS" signature="flightdetails(java.lang.String, java.lang.String)[pri:0, instance:testCases.Flight_Finder@192b07fd]" name="flightdetails" duration-ms="6039" started-at="2016-05-10T13:20:00Z" data-provider="Authentication" finished-at="2016-05-10T13:20:06Z">
          <params>
            <param index="0">
              <value>
                <![CDATA[mercury]]>
              </value>
            </param>
            <param index="1">
              <value>
                <![CDATA[mercury]]>
              </value>
            </param>
          </params>
          <reporter-output>
            <line>
              <![CDATA[testCases.Flight_Finder | flightdetails | PASSED]]>
            </line>
          </reporter-output>
        </test-method> <!-- flightdetails -->
        <test-method status="PASS" signature="closepage()[pri:0, instance:testCases.Flight_Finder@192b07fd]" name="closepage" is-config="true" duration-ms="189" started-at="2016-05-10T13:20:06Z" finished-at="2016-05-10T13:20:06Z">
          <reporter-output>
          </reporter-output>
        </test-method> <!-- closepage -->
      </class> <!-- testCases.Flight_Finder -->
      <class name="testCases.Car_Rental">
        <test-method status="PASS" signature="openUrl()[pri:0, instance:testCases.Car_Rental@20322d26]" name="openUrl" is-config="true" duration-ms="8698" started-at="2016-05-10T13:19:40Z" finished-at="2016-05-10T13:19:49Z">
          <reporter-output>
          </reporter-output>
        </test-method> <!-- openUrl -->
        <test-method status="FAIL" signature="Registration_data(java.lang.String, java.lang.String)[pri:0, instance:testCases.Car_Rental@20322d26]" name="Registration_data" duration-ms="5496" started-at="2016-05-10T13:19:49Z" data-provider="Authentication" finished-at="2016-05-10T13:19:54Z">
          <params>
            <param index="0">
              <value>
                <![CDATA[mercury]]>
              </value>
            </param>
            <param index="1">
              <value>
                <![CDATA[mercury]]>
              </value>
            </param>
          </params>
          <exception class="org.openqa.selenium.NoSuchElementException">
            <message>
              <![CDATA[Unable to locate element: {"method":"link text","selector":"Car Rental"}
Command duration or timeout: 3.14 seconds
For documentation on this error, please visit: http://seleniumhq.org/exceptions/no_such_element.html
Build info: version: '2.48.2', revision: '41bccdd10cf2c0560f637404c2d96164b67d9d67', time: '2015-10-09 13:08:06'
System info: host: 'CPU0100', ip: '10.101.21.95', os.name: 'Windows 7', os.arch: 'amd64', os.version: '6.1', java.version: '1.8.0_77'
Driver info: org.openqa.selenium.firefox.FirefoxDriver
Capabilities [{applicationCacheEnabled=true, rotatable=false, handlesAlerts=true, databaseEnabled=true, version=43.0.1, platform=WINDOWS, nativeEvents=false, acceptSslCerts=true, webStorageEnabled=true, locationContextEnabled=true, browserName=firefox, takesScreenshot=true, javascriptEnabled=true, cssSelectorsEnabled=true}]
Session ID: 4d28a772-8ce8-4d96-934b-91aefab33965
*** Element info: {Using=link text, value=Car Rental}]]>
            </message>
            <full-stacktrace>
              <![CDATA[org.openqa.selenium.NoSuchElementException: Unable to locate element: {"method":"link text","selector":"Car Rental"}
Command duration or timeout: 3.14 seconds
For documentation on this error, please visit: http://seleniumhq.org/exceptions/no_such_element.html
Build info: version: '2.48.2', revision: '41bccdd10cf2c0560f637404c2d96164b67d9d67', time: '2015-10-09 13:08:06'
System info: host: 'CPU0100', ip: '10.101.21.95', os.name: 'Windows 7', os.arch: 'amd64', os.version: '6.1', java.version: '1.8.0_77'
Driver info: org.openqa.selenium.firefox.FirefoxDriver
Capabilities [{applicationCacheEnabled=true, rotatable=false, handlesAlerts=true, databaseEnabled=true, version=43.0.1, platform=WINDOWS, nativeEvents=false, acceptSslCerts=true, webStorageEnabled=true, locationContextEnabled=true, browserName=firefox, takesScreenshot=true, javascriptEnabled=true, cssSelectorsEnabled=true}]
Session ID: 4d28a772-8ce8-4d96-934b-91aefab33965
*** Element info: {Using=link text, value=Car Rental}
	at sun.reflect.NativeConstructorAccessorImpl.newInstance0(Native Method)
	at sun.reflect.NativeConstructorAccessorImpl.newInstance(Unknown Source)
	at sun.reflect.DelegatingConstructorAccessorImpl.newInstance(Unknown Source)
	at java.lang.reflect.Constructor.newInstance(Unknown Source)
	at org.openqa.selenium.remote.ErrorHandler.createThrowable(ErrorHandler.java:206)
	at org.openqa.selenium.remote.ErrorHandler.throwIfResponseFailed(ErrorHandler.java:158)
	at org.openqa.selenium.remote.RemoteWebDriver.execute(RemoteWebDriver.java:647)
	at org.openqa.selenium.remote.RemoteWebDriver.findElement(RemoteWebDriver.java:353)
	at org.openqa.selenium.remote.RemoteWebDriver.findElementByLinkText(RemoteWebDriver.java:418)
	at org.openqa.selenium.By$ByLinkText.findElement(By.java:246)
	at org.openqa.selenium.remote.RemoteWebDriver.findElement(RemoteWebDriver.java:345)
	at testCases.Car_Rental.Registration_data(Car_Rental.java:33)
	at sun.reflect.NativeMethodAccessorImpl.invoke0(Native Method)
	at sun.reflect.NativeMethodAccessorImpl.invoke(Unknown Source)
	at sun.reflect.DelegatingMethodAccessorImpl.invoke(Unknown Source)
	at java.lang.reflect.Method.invoke(Unknown Source)
	at org.testng.internal.MethodInvocationHelper.invokeMethod(MethodInvocationHelper.java:85)
	at org.testng.internal.Invoker.invokeMethod(Invoker.java:639)
	at org.testng.internal.Invoker.invokeTestMethod(Invoker.java:816)
	at org.testng.internal.Invoker.invokeTestMethods(Invoker.java:1124)
	at org.testng.internal.TestMethodWorker.invokeTestMethods(TestMethodWorker.java:125)
	at org.testng.internal.TestMethodWorker.run(TestMethodWorker.java:108)
	at org.testng.TestRunner.privateRun(TestRunner.java:774)
	at org.testng.TestRunner.run(TestRunner.java:624)
	at org.testng.SuiteRunner.runTest(SuiteRunner.java:359)
	at org.testng.SuiteRunner.runSequentially(SuiteRunner.java:354)
	at org.testng.SuiteRunner.privateRun(SuiteRunner.java:312)
	at org.testng.SuiteRunner.run(SuiteRunner.java:261)
	at org.testng.SuiteRunnerWorker.runSuite(SuiteRunnerWorker.java:52)
	at org.testng.SuiteRunnerWorker.run(SuiteRunnerWorker.java:86)
	at org.testng.TestNG.runSuitesSequentially(TestNG.java:1191)
	at org.testng.TestNG.runSuitesLocally(TestNG.java:1116)
	at org.testng.TestNG.run(TestNG.java:1024)
	at org.apache.maven.surefire.testng.TestNGExecutor.run(TestNGExecutor.java:74)
	at org.apache.maven.surefire.testng.TestNGXmlTestSuite.execute(TestNGXmlTestSuite.java:92)
	at org.apache.maven.surefire.Surefire.run(Surefire.java:177)
	at sun.reflect.NativeMethodAccessorImpl.invoke0(Native Method)
	at sun.reflect.NativeMethodAccessorImpl.invoke(Unknown Source)
	at sun.reflect.DelegatingMethodAccessorImpl.invoke(Unknown Source)
	at java.lang.reflect.Method.invoke(Unknown Source)
	at org.apache.maven.surefire.booter.SurefireBooter.runSuitesInProcess(SurefireBooter.java:338)
	at org.apache.maven.surefire.booter.SurefireBooter.main(SurefireBooter.java:997)
Caused by: org.openqa.selenium.NoSuchElementException: Unable to locate element: {"method":"link text","selector":"Car Rental"}
For documentation on this error, please visit: http://seleniumhq.org/exceptions/no_such_element.html
Build info: version: '2.48.2', revision: '41bccdd10cf2c0560f637404c2d96164b67d9d67', time: '2015-10-09 13:08:06'
System info: host: 'CPU0100', ip: '10.101.21.95', os.name: 'Windows 7', os.arch: 'amd64', os.version: '6.1', java.version: '1.8.0_77'
Driver info: driver.version: unknown
	at <anonymous class>.FirefoxDriver.prototype.findElementInternal_(file:///C:/Users/THINKS~1/AppData/Local/Temp/anonymous6199334839118095434webdriver-profile/extensions/fxdriver@googlecode.com/components/driver-component.js:10659)
	at <anonymous class>.fxdriver.Timer.prototype.setTimeout/<.notify(file:///C:/Users/THINKS~1/AppData/Local/Temp/anonymous6199334839118095434webdriver-profile/extensions/fxdriver@googlecode.com/components/driver-component.js:621)
]]>
            </full-stacktrace>
          </exception> <!-- org.openqa.selenium.NoSuchElementException -->
          <reporter-output>
            <line>
              <![CDATA[testCases.Car_Rental | Registration_data | FAILED]]>
            </line>
          </reporter-output>
        </test-method> <!-- Registration_data -->
        <test-method status="PASS" signature="closepage()[pri:0, instance:testCases.Car_Rental@20322d26]" name="closepage" is-config="true" duration-ms="381" started-at="2016-05-10T13:19:54Z" finished-at="2016-05-10T13:19:55Z">
          <reporter-output>
          </reporter-output>
        </test-method> <!-- closepage -->
      </class> <!-- testCases.Car_Rental -->
      <class name="testCases.Vacation">
        <test-method status="PASS" signature="openUrl()[pri:0, instance:testCases.Vacation@55d56113]" name="openUrl" is-config="true" duration-ms="5093" started-at="2016-05-10T13:20:27Z" finished-at="2016-05-10T13:20:33Z">
          <reporter-output>
          </reporter-output>
        </test-method> <!-- openUrl -->
        <test-method status="FAIL" signature="checkVacation()[pri:0, instance:testCases.Vacation@55d56113]" name="checkVacation" duration-ms="1" started-at="2016-05-10T13:20:33Z" finished-at="2016-05-10T13:20:33Z">
          <exception class="utils.FrameworkException">
            <full-stacktrace>
              <![CDATA[Framework Exception:  Invalid Locator found
	at utils.ObjectMethods.getElement(ObjectMethods.java:63)
	at utils.ObjectMethods.clickElement(ObjectMethods.java:16)
	at testCases.Vacation.checkVacation(Vacation.java:24)
	at sun.reflect.NativeMethodAccessorImpl.invoke0(Native Method)
	at sun.reflect.NativeMethodAccessorImpl.invoke(Unknown Source)
	at sun.reflect.DelegatingMethodAccessorImpl.invoke(Unknown Source)
	at java.lang.reflect.Method.invoke(Unknown Source)
	at org.testng.internal.MethodInvocationHelper.invokeMethod(MethodInvocationHelper.java:85)
	at org.testng.internal.Invoker.invokeMethod(Invoker.java:639)
	at org.testng.internal.Invoker.invokeTestMethod(Invoker.java:816)
	at org.testng.internal.Invoker.invokeTestMethods(Invoker.java:1124)
	at org.testng.internal.TestMethodWorker.invokeTestMethods(TestMethodWorker.java:125)
	at org.testng.internal.TestMethodWorker.run(TestMethodWorker.java:108)
	at org.testng.TestRunner.privateRun(TestRunner.java:774)
	at org.testng.TestRunner.run(TestRunner.java:624)
	at org.testng.SuiteRunner.runTest(SuiteRunner.java:359)
	at org.testng.SuiteRunner.runSequentially(SuiteRunner.java:354)
	at org.testng.SuiteRunner.privateRun(SuiteRunner.java:312)
	at org.testng.SuiteRunner.run(SuiteRunner.java:261)
	at org.testng.SuiteRunnerWorker.runSuite(SuiteRunnerWorker.java:52)
	at org.testng.SuiteRunnerWorker.run(SuiteRunnerWorker.java:86)
	at org.testng.TestNG.runSuitesSequentially(TestNG.java:1191)
	at org.testng.TestNG.runSuitesLocally(TestNG.java:1116)
	at org.testng.TestNG.run(TestNG.java:1024)
	at org.apache.maven.surefire.testng.TestNGExecutor.run(TestNGExecutor.java:74)
	at org.apache.maven.surefire.testng.TestNGXmlTestSuite.execute(TestNGXmlTestSuite.java:92)
	at org.apache.maven.surefire.Surefire.run(Surefire.java:177)
	at sun.reflect.NativeMethodAccessorImpl.invoke0(Native Method)
	at sun.reflect.NativeMethodAccessorImpl.invoke(Unknown Source)
	at sun.reflect.DelegatingMethodAccessorImpl.invoke(Unknown Source)
	at java.lang.reflect.Method.invoke(Unknown Source)
	at org.apache.maven.surefire.booter.SurefireBooter.runSuitesInProcess(SurefireBooter.java:338)
	at org.apache.maven.surefire.booter.SurefireBooter.main(SurefireBooter.java:997)
]]>
            </full-stacktrace>
          </exception> <!-- utils.FrameworkException -->
          <reporter-output>
            <line>
              <![CDATA[testCases.Vacation | checkVacation | FAILED]]>
            </line>
          </reporter-output>
        </test-method> <!-- checkVacation -->
        <test-method status="PASS" signature="closepage()[pri:0, instance:testCases.Vacation@55d56113]" name="closepage" is-config="true" duration-ms="2424" started-at="2016-05-10T13:20:33Z" finished-at="2016-05-10T13:20:35Z">
          <reporter-output>
          </reporter-output>
        </test-method> <!-- closepage -->
      </class> <!-- testCases.Vacation -->
      <class name="testCases.LoginClass">
        <test-method status="PASS" signature="openUrl()[pri:0, instance:testCases.LoginClass@64bfbc86]" name="openUrl" is-config="true" duration-ms="6286" started-at="2016-05-10T13:20:06Z" finished-at="2016-05-10T13:20:12Z">
          <reporter-output>
          </reporter-output>
        </test-method> <!-- openUrl -->
        <test-method status="PASS" signature="checkLogin(java.lang.String, java.lang.String)[pri:0, instance:testCases.LoginClass@64bfbc86]" name="checkLogin" duration-ms="3988" started-at="2016-05-10T13:20:12Z" data-provider="Authentication" finished-at="2016-05-10T13:20:16Z">
          <params>
            <param index="0">
              <value>
                <![CDATA[mercury]]>
              </value>
            </param>
            <param index="1">
              <value>
                <![CDATA[mercury]]>
              </value>
            </param>
          </params>
          <reporter-output>
            <line>
              <![CDATA[testCases.LoginClass | checkLogin | PASSED]]>
            </line>
          </reporter-output>
        </test-method> <!-- checkLogin -->
        <test-method status="PASS" signature="closepage()[pri:0, instance:testCases.LoginClass@64bfbc86]" name="closepage" is-config="true" duration-ms="283" started-at="2016-05-10T13:20:16Z" finished-at="2016-05-10T13:20:16Z">
          <reporter-output>
          </reporter-output>
        </test-method> <!-- closepage -->
      </class> <!-- testCases.LoginClass -->
    </test> <!-- Random Test -->
  </suite> <!-- Suite -->
</testng-results>
